[2024-09-15 10:29:45] local.DEBUG: prueba de texto  
[2024-09-15 10:29:45] local.DEBUG: prueba de texto  
[2024-09-15 10:30:30] local.DEBUG: ddfff  
[2024-09-15 10:30:30] local.DEBUG: ddfff  
[2024-09-15 10:30:43] local.DEBUG: 😜 corazon de melon  
[2024-09-15 10:30:43] local.DEBUG: 😜 corazon de melon  
[2024-09-15 10:33:14] local.DEBUG: prueba 😍  
[2024-09-15 10:33:14] local.DEBUG: prueba 😍  
[2024-09-15 10:33:50] local.DEBUG: dddd  
[2024-09-15 11:03:50] local.DEBUG: {"id":80,"emisor_id":110,"receptor_id":112,"message":"perro","created_at":"2024-09-15T11:03:50.000000Z","updated_at":"2024-09-15T11:03:50.000000Z"}  
[2024-09-15 11:05:35] local.DEBUG: {"id":81,"emisor_id":110,"receptor_id":112,"message":"ssss","created_at":"2024-09-15T11:05:35.000000Z","updated_at":"2024-09-15T11:05:35.000000Z"}  
[2024-09-15 11:05:58] local.DEBUG: {"id":82,"emisor_id":112,"receptor_id":110,"message":"jfjfjf","created_at":"2024-09-15T11:05:58.000000Z","updated_at":"2024-09-15T11:05:58.000000Z"}  
[2024-09-15 11:06:18] local.DEBUG: {"id":83,"emisor_id":112,"receptor_id":110,"message":"kdkdkd","created_at":"2024-09-15T11:06:18.000000Z","updated_at":"2024-09-15T11:06:18.000000Z"}  
[2024-09-15 11:06:38] local.DEBUG: {"id":84,"emisor_id":110,"receptor_id":112,"message":"soy el uno","created_at":"2024-09-15T11:06:38.000000Z","updated_at":"2024-09-15T11:06:38.000000Z"}  
[2024-09-15 11:06:56] local.DEBUG: {"id":85,"emisor_id":110,"receptor_id":112,"message":"que paso","created_at":"2024-09-15T11:06:56.000000Z","updated_at":"2024-09-15T11:06:56.000000Z"}  
[2024-09-15 11:07:04] local.DEBUG: {"id":86,"emisor_id":112,"receptor_id":110,"message":"soy el dos","created_at":"2024-09-15T11:07:04.000000Z","updated_at":"2024-09-15T11:07:04.000000Z"}  
[2024-09-15 11:07:25] local.DEBUG: {"id":87,"emisor_id":112,"receptor_id":110,"message":"este mensaje, es del 3","created_at":"2024-09-15T11:07:25.000000Z","updated_at":"2024-09-15T11:07:25.000000Z"}  
[2024-09-15 11:07:38] local.DEBUG: {"id":88,"emisor_id":110,"receptor_id":112,"message":"si te estoy respondiento pablo","created_at":"2024-09-15T11:07:38.000000Z","updated_at":"2024-09-15T11:07:38.000000Z"}  
[2024-09-15 11:07:46] local.DEBUG: {"id":89,"emisor_id":112,"receptor_id":110,"message":"deja el fastidio pablo","created_at":"2024-09-15T11:07:46.000000Z","updated_at":"2024-09-15T11:07:46.000000Z"}  
[2024-09-15 11:07:55] local.DEBUG: {"id":90,"emisor_id":110,"receptor_id":112,"message":"porque jejeje\ud83d\udca9","created_at":"2024-09-15T11:07:54.000000Z","updated_at":"2024-09-15T11:07:54.000000Z"}  
[2024-09-15 11:12:01] local.DEBUG: {"id":91,"emisor_id":112,"receptor_id":110,"message":"hola pablo soy el usuario 3","created_at":"2024-09-15T11:12:01.000000Z","updated_at":"2024-09-15T11:12:01.000000Z"}  
[2024-09-15 11:12:16] local.DEBUG: {"id":92,"emisor_id":110,"receptor_id":112,"message":"que paso muchachon \ud83d\ude0f","created_at":"2024-09-15T11:12:16.000000Z","updated_at":"2024-09-15T11:12:16.000000Z"}  
[2024-09-15 11:12:29] local.DEBUG: {"id":93,"emisor_id":112,"receptor_id":110,"message":"todo depinga perro.. \ud83d\ude0e","created_at":"2024-09-15T11:12:29.000000Z","updated_at":"2024-09-15T11:12:29.000000Z"}  
[2024-09-15 11:12:44] local.DEBUG: {"id":94,"emisor_id":110,"receptor_id":112,"message":"Genial loco \ud83d\udc80\ud83d\udc80","created_at":"2024-09-15T11:12:44.000000Z","updated_at":"2024-09-15T11:12:44.000000Z"}  
[2024-09-15 11:17:06] local.DEBUG: {"id":95,"emisor_id":110,"receptor_id":112,"message":"hola pablo","created_at":"2024-09-15T11:17:06.000000Z","updated_at":"2024-09-15T11:17:06.000000Z"}  
[2024-09-15 11:17:15] local.DEBUG: {"id":96,"emisor_id":112,"receptor_id":110,"message":"bien y tu como estas weon","created_at":"2024-09-15T11:17:15.000000Z","updated_at":"2024-09-15T11:17:15.000000Z"}  
[2024-09-15 11:17:29] local.DEBUG: {"id":97,"emisor_id":112,"receptor_id":110,"message":"mira mareco tengo que contarte algo","created_at":"2024-09-15T11:17:29.000000Z","updated_at":"2024-09-15T11:17:29.000000Z"}  
[2024-09-15 11:17:41] local.DEBUG: {"id":98,"emisor_id":110,"receptor_id":112,"message":"que  paso weon","created_at":"2024-09-15T11:17:41.000000Z","updated_at":"2024-09-15T11:17:41.000000Z"}  
[2024-09-15 11:20:00] local.DEBUG: {"id":99,"emisor_id":112,"receptor_id":110,"message":"locote","created_at":"2024-09-15T11:20:00.000000Z","updated_at":"2024-09-15T11:20:00.000000Z"}  
[2024-09-15 11:20:08] local.DEBUG: {"id":100,"emisor_id":110,"receptor_id":112,"message":"que paso","created_at":"2024-09-15T11:20:08.000000Z","updated_at":"2024-09-15T11:20:08.000000Z"}  
[2024-09-15 11:20:17] local.DEBUG: {"id":101,"emisor_id":110,"receptor_id":112,"message":"aa","created_at":"2024-09-15T11:20:17.000000Z","updated_at":"2024-09-15T11:20:17.000000Z"}  
[2024-09-15 11:20:32] local.DEBUG: {"id":102,"emisor_id":110,"receptor_id":112,"message":"que paso","created_at":"2024-09-15T11:20:32.000000Z","updated_at":"2024-09-15T11:20:32.000000Z"}  
[2024-09-15 11:20:40] local.DEBUG: {"id":103,"emisor_id":110,"receptor_id":112,"message":"aa\u00b4","created_at":"2024-09-15T11:20:40.000000Z","updated_at":"2024-09-15T11:20:40.000000Z"}  
[2024-09-15 11:20:46] local.DEBUG: {"id":104,"emisor_id":110,"receptor_id":112,"message":"sss","created_at":"2024-09-15T11:20:46.000000Z","updated_at":"2024-09-15T11:20:46.000000Z"}  
[2024-09-15 11:23:31] local.DEBUG: {"id":105,"emisor_id":110,"receptor_id":112,"message":"hola","created_at":"2024-09-15T11:23:31.000000Z","updated_at":"2024-09-15T11:23:31.000000Z"}  
[2024-09-15 11:23:36] local.DEBUG: {"id":106,"emisor_id":110,"receptor_id":112,"message":"hola","created_at":"2024-09-15T11:23:36.000000Z","updated_at":"2024-09-15T11:23:36.000000Z"}  
[2024-09-15 11:23:39] local.DEBUG: {"id":107,"emisor_id":110,"receptor_id":112,"message":"2","created_at":"2024-09-15T11:23:39.000000Z","updated_at":"2024-09-15T11:23:39.000000Z"}  
[2024-09-15 11:23:44] local.DEBUG: {"id":108,"emisor_id":110,"receptor_id":112,"message":"w","created_at":"2024-09-15T11:23:44.000000Z","updated_at":"2024-09-15T11:23:44.000000Z"}  
[2024-09-15 11:24:21] local.DEBUG: {"id":109,"emisor_id":110,"receptor_id":112,"message":"que paso pepe","created_at":"2024-09-15T11:24:21.000000Z","updated_at":"2024-09-15T11:24:21.000000Z"}  
[2024-09-15 11:25:09] local.DEBUG: {"id":110,"emisor_id":110,"receptor_id":112,"message":"aaa","created_at":"2024-09-15T11:25:09.000000Z","updated_at":"2024-09-15T11:25:09.000000Z"}  
[2024-09-15 11:25:36] local.DEBUG: {"id":111,"emisor_id":110,"receptor_id":112,"message":"aaa","created_at":"2024-09-15T11:25:36.000000Z","updated_at":"2024-09-15T11:25:36.000000Z"}  
[2024-09-15 11:25:50] local.DEBUG: {"id":112,"emisor_id":110,"receptor_id":112,"message":"se pinta doble","created_at":"2024-09-15T11:25:50.000000Z","updated_at":"2024-09-15T11:25:50.000000Z"}  
[2024-09-15 11:27:29] local.DEBUG: {"id":113,"emisor_id":110,"receptor_id":112,"message":"ssss","created_at":"2024-09-15T11:27:29.000000Z","updated_at":"2024-09-15T11:27:29.000000Z"}  
[2024-09-15 11:27:33] local.DEBUG: {"id":114,"emisor_id":110,"receptor_id":112,"message":"que paso","created_at":"2024-09-15T11:27:33.000000Z","updated_at":"2024-09-15T11:27:33.000000Z"}  
[2024-09-15 11:27:45] local.DEBUG: {"id":115,"emisor_id":112,"receptor_id":110,"message":"aqui estoy","created_at":"2024-09-15T11:27:45.000000Z","updated_at":"2024-09-15T11:27:45.000000Z"}  
[2024-09-15 11:27:59] local.DEBUG: {"id":116,"emisor_id":112,"receptor_id":110,"message":"aaaa","created_at":"2024-09-15T11:27:59.000000Z","updated_at":"2024-09-15T11:27:59.000000Z"}  
[2024-09-15 11:28:05] local.DEBUG: {"id":117,"emisor_id":110,"receptor_id":112,"message":"que paso","created_at":"2024-09-15T11:28:05.000000Z","updated_at":"2024-09-15T11:28:05.000000Z"}  
[2024-09-15 11:28:35] local.DEBUG: {"id":118,"emisor_id":110,"receptor_id":112,"message":"que paso pablo","created_at":"2024-09-15T11:28:35.000000Z","updated_at":"2024-09-15T11:28:35.000000Z"}  
[2024-09-15 11:28:43] local.DEBUG: {"id":119,"emisor_id":112,"receptor_id":110,"message":"todo bien mareco","created_at":"2024-09-15T11:28:43.000000Z","updated_at":"2024-09-15T11:28:43.000000Z"}  
[2024-09-15 11:28:53] local.DEBUG: {"id":120,"emisor_id":112,"receptor_id":110,"message":"bks","created_at":"2024-09-15T11:28:53.000000Z","updated_at":"2024-09-15T11:28:53.000000Z"}  
[2024-09-15 11:28:57] local.DEBUG: {"id":121,"emisor_id":112,"receptor_id":110,"message":"aa","created_at":"2024-09-15T11:28:57.000000Z","updated_at":"2024-09-15T11:28:57.000000Z"}  
[2024-09-15 11:29:02] local.DEBUG: {"id":122,"emisor_id":112,"receptor_id":110,"message":"que paso","created_at":"2024-09-15T11:29:02.000000Z","updated_at":"2024-09-15T11:29:02.000000Z"}  
[2024-09-15 11:29:10] local.DEBUG: {"id":123,"emisor_id":110,"receptor_id":112,"message":"aqui estoy","created_at":"2024-09-15T11:29:10.000000Z","updated_at":"2024-09-15T11:29:10.000000Z"}  
[2024-09-15 11:32:27] local.DEBUG: {"id":124,"emisor_id":110,"receptor_id":112,"message":"hlld","created_at":"2024-09-15T11:32:27.000000Z","updated_at":"2024-09-15T11:32:27.000000Z"}  
[2024-09-15 11:32:30] local.DEBUG: {"id":125,"emisor_id":110,"receptor_id":112,"message":"d","created_at":"2024-09-15T11:32:30.000000Z","updated_at":"2024-09-15T11:32:30.000000Z"}  
[2024-09-15 11:32:32] local.DEBUG: {"id":126,"emisor_id":110,"receptor_id":112,"message":"f","created_at":"2024-09-15T11:32:32.000000Z","updated_at":"2024-09-15T11:32:32.000000Z"}  
[2024-09-15 11:32:35] local.DEBUG: {"id":127,"emisor_id":110,"receptor_id":112,"message":"e","created_at":"2024-09-15T11:32:35.000000Z","updated_at":"2024-09-15T11:32:35.000000Z"}  
[2024-09-15 11:32:38] local.DEBUG: {"id":128,"emisor_id":110,"receptor_id":112,"message":"ffff","created_at":"2024-09-15T11:32:38.000000Z","updated_at":"2024-09-15T11:32:38.000000Z"}  
[2024-09-15 11:32:41] local.DEBUG: {"id":129,"emisor_id":110,"receptor_id":112,"message":"lkdlkdld","created_at":"2024-09-15T11:32:41.000000Z","updated_at":"2024-09-15T11:32:41.000000Z"}  
[2024-09-15 11:32:44] local.DEBUG: {"id":130,"emisor_id":110,"receptor_id":112,"message":"lkdfkld","created_at":"2024-09-15T11:32:44.000000Z","updated_at":"2024-09-15T11:32:44.000000Z"}  
[2024-09-15 11:32:46] local.DEBUG: {"id":131,"emisor_id":110,"receptor_id":112,"message":"wwww","created_at":"2024-09-15T11:32:46.000000Z","updated_at":"2024-09-15T11:32:46.000000Z"}  
[2024-09-15 11:35:44] local.DEBUG: {"id":132,"emisor_id":110,"receptor_id":112,"message":"ssss","created_at":"2024-09-15T11:35:44.000000Z","updated_at":"2024-09-15T11:35:44.000000Z"}  
[2024-09-15 11:35:49] local.DEBUG: {"id":133,"emisor_id":110,"receptor_id":112,"message":"que paso","created_at":"2024-09-15T11:35:49.000000Z","updated_at":"2024-09-15T11:35:49.000000Z"}  
[2024-09-15 11:35:59] local.DEBUG: {"id":134,"emisor_id":112,"receptor_id":110,"message":"aqui estoy","created_at":"2024-09-15T11:35:59.000000Z","updated_at":"2024-09-15T11:35:59.000000Z"}  
[2024-09-15 11:36:03] local.DEBUG: {"id":135,"emisor_id":112,"receptor_id":110,"message":"sss","created_at":"2024-09-15T11:36:03.000000Z","updated_at":"2024-09-15T11:36:03.000000Z"}  
[2024-09-15 11:36:06] local.DEBUG: {"id":136,"emisor_id":112,"receptor_id":110,"message":"fjsijdjd","created_at":"2024-09-15T11:36:06.000000Z","updated_at":"2024-09-15T11:36:06.000000Z"}  
[2024-09-15 11:36:20] local.DEBUG: {"id":137,"emisor_id":110,"receptor_id":112,"message":"sss","created_at":"2024-09-15T11:36:20.000000Z","updated_at":"2024-09-15T11:36:20.000000Z"}  
[2024-09-15 11:36:25] local.DEBUG: {"id":138,"emisor_id":112,"receptor_id":110,"message":"sssffgee","created_at":"2024-09-15T11:36:25.000000Z","updated_at":"2024-09-15T11:36:25.000000Z"}  
[2024-09-15 11:36:35] local.DEBUG: {"id":139,"emisor_id":112,"receptor_id":110,"message":"kodjfkdkjfd","created_at":"2024-09-15T11:36:35.000000Z","updated_at":"2024-09-15T11:36:35.000000Z"}  
[2024-09-15 11:36:40] local.DEBUG: {"id":140,"emisor_id":110,"receptor_id":112,"message":"sss","created_at":"2024-09-15T11:36:40.000000Z","updated_at":"2024-09-15T11:36:40.000000Z"}  
[2024-09-15 11:36:44] local.DEBUG: {"id":141,"emisor_id":112,"receptor_id":110,"message":"\u00f1\u00f1\u00f1\u00f1\u00f1\u00f1","created_at":"2024-09-15T11:36:44.000000Z","updated_at":"2024-09-15T11:36:44.000000Z"}  
[2024-09-15 11:36:52] local.DEBUG: {"id":142,"emisor_id":110,"receptor_id":112,"message":"sss","created_at":"2024-09-15T11:36:52.000000Z","updated_at":"2024-09-15T11:36:52.000000Z"}  
[2024-09-15 11:36:57] local.DEBUG: {"id":143,"emisor_id":110,"receptor_id":112,"message":"kflkfklf","created_at":"2024-09-15T11:36:57.000000Z","updated_at":"2024-09-15T11:36:57.000000Z"}  
[2024-09-15 11:39:50] local.DEBUG: {"id":144,"emisor_id":110,"receptor_id":112,"message":"qqq","created_at":"2024-09-15T11:39:50.000000Z","updated_at":"2024-09-15T11:39:50.000000Z"}  
[2024-09-15 11:40:04] local.DEBUG: {"id":145,"emisor_id":110,"receptor_id":112,"message":"sss","created_at":"2024-09-15T11:40:04.000000Z","updated_at":"2024-09-15T11:40:04.000000Z"}  
[2024-09-15 11:40:08] local.DEBUG: {"id":146,"emisor_id":110,"receptor_id":112,"message":"df","created_at":"2024-09-15T11:40:08.000000Z","updated_at":"2024-09-15T11:40:08.000000Z"}  
[2024-09-15 11:43:48] local.DEBUG: {"id":147,"emisor_id":110,"receptor_id":112,"message":"ddd","created_at":"2024-09-15T11:43:48.000000Z","updated_at":"2024-09-15T11:43:48.000000Z"}  
[2024-09-15 11:43:52] local.DEBUG: {"id":148,"emisor_id":110,"receptor_id":112,"message":"sii","created_at":"2024-09-15T11:43:52.000000Z","updated_at":"2024-09-15T11:43:52.000000Z"}  
[2024-09-15 11:44:04] local.DEBUG: {"id":149,"emisor_id":112,"receptor_id":110,"message":"ddd","created_at":"2024-09-15T11:44:04.000000Z","updated_at":"2024-09-15T11:44:04.000000Z"}  
[2024-09-15 11:45:45] local.DEBUG: {"id":150,"emisor_id":110,"receptor_id":112,"message":"ddd","created_at":"2024-09-15T11:45:45.000000Z","updated_at":"2024-09-15T11:45:45.000000Z"}  
[2024-09-15 11:45:50] local.DEBUG: {"id":151,"emisor_id":110,"receptor_id":112,"message":"que paso","created_at":"2024-09-15T11:45:50.000000Z","updated_at":"2024-09-15T11:45:50.000000Z"}  
[2024-09-15 11:46:05] local.DEBUG: {"id":152,"emisor_id":110,"receptor_id":112,"message":"que paso pablo","created_at":"2024-09-15T11:46:05.000000Z","updated_at":"2024-09-15T11:46:05.000000Z"}  
[2024-09-15 11:46:18] local.DEBUG: {"id":153,"emisor_id":112,"receptor_id":110,"message":"bien","created_at":"2024-09-15T11:46:18.000000Z","updated_at":"2024-09-15T11:46:18.000000Z"}  
[2024-09-15 11:46:24] local.DEBUG: {"id":154,"emisor_id":112,"receptor_id":110,"message":"aaa","created_at":"2024-09-15T11:46:24.000000Z","updated_at":"2024-09-15T11:46:24.000000Z"}  
[2024-09-15 11:46:45] local.DEBUG: {"id":155,"emisor_id":110,"receptor_id":112,"message":"wow","created_at":"2024-09-15T11:46:45.000000Z","updated_at":"2024-09-15T11:46:45.000000Z"}  
[2024-09-15 11:46:55] local.DEBUG: {"id":156,"emisor_id":110,"receptor_id":112,"message":"wo1","created_at":"2024-09-15T11:46:55.000000Z","updated_at":"2024-09-15T11:46:55.000000Z"}  
[2024-09-15 11:47:02] local.DEBUG: {"id":157,"emisor_id":112,"receptor_id":110,"message":"wo2","created_at":"2024-09-15T11:47:02.000000Z","updated_at":"2024-09-15T11:47:02.000000Z"}  
[2024-09-15 11:47:33] local.DEBUG: {"id":158,"emisor_id":110,"receptor_id":112,"message":"verga loco","created_at":"2024-09-15T11:47:33.000000Z","updated_at":"2024-09-15T11:47:33.000000Z"}  
[2024-09-15 11:47:46] local.DEBUG: {"id":159,"emisor_id":110,"receptor_id":112,"message":"verga que paso","created_at":"2024-09-15T11:47:46.000000Z","updated_at":"2024-09-15T11:47:46.000000Z"}  
[2024-09-15 11:47:53] local.DEBUG: {"id":160,"emisor_id":112,"receptor_id":110,"message":"todo bien","created_at":"2024-09-15T11:47:53.000000Z","updated_at":"2024-09-15T11:47:53.000000Z"}  
[2024-09-15 11:48:04] local.DEBUG: {"id":161,"emisor_id":112,"receptor_id":110,"message":"aqui respondiendo","created_at":"2024-09-15T11:48:04.000000Z","updated_at":"2024-09-15T11:48:04.000000Z"}  
[2024-09-15 11:49:02] local.DEBUG: {"id":162,"emisor_id":110,"receptor_id":112,"message":"aaaa\ud83d\ude1c","created_at":"2024-09-15T11:49:02.000000Z","updated_at":"2024-09-15T11:49:02.000000Z"}  
[2024-09-15 11:49:11] local.DEBUG: {"id":163,"emisor_id":112,"receptor_id":110,"message":"\ud83d\ude21","created_at":"2024-09-15T11:49:11.000000Z","updated_at":"2024-09-15T11:49:11.000000Z"}  
[2024-09-15 11:50:13] local.DEBUG: {"id":164,"emisor_id":110,"receptor_id":112,"message":"aaaa","created_at":"2024-09-15T11:50:13.000000Z","updated_at":"2024-09-15T11:50:13.000000Z"}  
[2024-09-15 11:50:18] local.DEBUG: {"id":165,"emisor_id":110,"receptor_id":112,"message":"sddkfkf","created_at":"2024-09-15T11:50:18.000000Z","updated_at":"2024-09-15T11:50:18.000000Z"}  
[2024-09-15 11:50:23] local.DEBUG: {"id":166,"emisor_id":110,"receptor_id":112,"message":"aaa","created_at":"2024-09-15T11:50:23.000000Z","updated_at":"2024-09-15T11:50:23.000000Z"}  
[2024-09-15 11:50:29] local.DEBUG: {"id":167,"emisor_id":110,"receptor_id":112,"message":"ahora no hay doble?","created_at":"2024-09-15T11:50:29.000000Z","updated_at":"2024-09-15T11:50:29.000000Z"}  
[2024-09-15 11:50:40] local.DEBUG: {"id":168,"emisor_id":112,"receptor_id":110,"message":"no paso ya no hay doble","created_at":"2024-09-15T11:50:40.000000Z","updated_at":"2024-09-15T11:50:40.000000Z"}  
[2024-09-15 11:51:01] local.DEBUG: {"id":169,"emisor_id":112,"receptor_id":110,"message":"no hay doble","created_at":"2024-09-15T11:51:01.000000Z","updated_at":"2024-09-15T11:51:01.000000Z"}  
[2024-09-15 11:51:07] local.DEBUG: {"id":170,"emisor_id":112,"receptor_id":110,"message":"no","created_at":"2024-09-15T11:51:07.000000Z","updated_at":"2024-09-15T11:51:07.000000Z"}  
[2024-09-15 11:51:15] local.DEBUG: {"id":171,"emisor_id":110,"receptor_id":112,"message":"y aqui","created_at":"2024-09-15T11:51:15.000000Z","updated_at":"2024-09-15T11:51:15.000000Z"}  
[2024-09-15 11:51:24] local.DEBUG: {"id":172,"emisor_id":110,"receptor_id":112,"message":"aqui tampoco?","created_at":"2024-09-15T11:51:24.000000Z","updated_at":"2024-09-15T11:51:24.000000Z"}  
[2024-09-15 11:51:32] local.DEBUG: {"id":173,"emisor_id":110,"receptor_id":112,"message":"no veo doble","created_at":"2024-09-15T11:51:32.000000Z","updated_at":"2024-09-15T11:51:32.000000Z"}  
[2024-09-15 11:51:40] local.DEBUG: {"id":174,"emisor_id":112,"receptor_id":110,"message":"no jejeje","created_at":"2024-09-15T11:51:40.000000Z","updated_at":"2024-09-15T11:51:40.000000Z"}  
[2024-09-15 11:54:55] local.DEBUG: {"id":175,"emisor_id":110,"receptor_id":112,"message":"hola pablo","created_at":"2024-09-15T11:54:55.000000Z","updated_at":"2024-09-15T11:54:55.000000Z"}  
[2024-09-15 11:55:03] local.DEBUG: {"id":176,"emisor_id":112,"receptor_id":110,"message":"que paso weon","created_at":"2024-09-15T11:55:03.000000Z","updated_at":"2024-09-15T11:55:03.000000Z"}  
[2024-09-15 11:55:12] local.DEBUG: {"id":177,"emisor_id":112,"receptor_id":110,"message":"que paso perro","created_at":"2024-09-15T11:55:12.000000Z","updated_at":"2024-09-15T11:55:12.000000Z"}  
[2024-09-15 11:55:25] local.DEBUG: {"id":178,"emisor_id":110,"receptor_id":112,"message":"todo caltelup","created_at":"2024-09-15T11:55:25.000000Z","updated_at":"2024-09-15T11:55:25.000000Z"}  
[2024-09-15 11:57:12] local.DEBUG: {"id":179,"emisor_id":110,"receptor_id":112,"message":"llorando","created_at":"2024-09-15T11:57:12.000000Z","updated_at":"2024-09-15T11:57:12.000000Z"}  
[2024-09-15 11:57:23] local.DEBUG: {"id":180,"emisor_id":112,"receptor_id":110,"message":"azucarrr","created_at":"2024-09-15T11:57:23.000000Z","updated_at":"2024-09-15T11:57:23.000000Z"}  
[2024-09-15 11:57:32] local.DEBUG: {"id":181,"emisor_id":112,"receptor_id":110,"message":"sii claro","created_at":"2024-09-15T11:57:32.000000Z","updated_at":"2024-09-15T11:57:32.000000Z"}  
[2024-09-15 11:59:04] local.DEBUG: {"id":182,"emisor_id":110,"receptor_id":112,"message":"hola pablo como estas?","created_at":"2024-09-15T11:59:04.000000Z","updated_at":"2024-09-15T11:59:04.000000Z"}  
[2024-09-15 11:59:15] local.DEBUG: {"id":183,"emisor_id":110,"receptor_id":112,"message":"\ud83d\ude1c","created_at":"2024-09-15T11:59:15.000000Z","updated_at":"2024-09-15T11:59:15.000000Z"}  
[2024-09-15 11:59:22] local.DEBUG: {"id":184,"emisor_id":110,"receptor_id":112,"message":"\ud83d\udc40","created_at":"2024-09-15T11:59:22.000000Z","updated_at":"2024-09-15T11:59:22.000000Z"}  
[2024-09-15 11:59:33] local.DEBUG: {"id":185,"emisor_id":112,"receptor_id":110,"message":"biien y tu","created_at":"2024-09-15T11:59:33.000000Z","updated_at":"2024-09-15T11:59:33.000000Z"}  
[2024-09-15 12:01:10] local.DEBUG: {"id":186,"emisor_id":110,"receptor_id":112,"message":"hola user 2","created_at":"2024-09-15T12:01:10.000000Z","updated_at":"2024-09-15T12:01:10.000000Z"}  
[2024-09-15 12:01:25] local.DEBUG: {"id":187,"emisor_id":112,"receptor_id":110,"message":"como estas user 1","created_at":"2024-09-15T12:01:25.000000Z","updated_at":"2024-09-15T12:01:25.000000Z"}  
[2024-09-15 12:01:29] local.DEBUG: {"id":188,"emisor_id":112,"receptor_id":110,"message":"\ud83d\ude1c","created_at":"2024-09-15T12:01:29.000000Z","updated_at":"2024-09-15T12:01:29.000000Z"}  
[2024-09-15 12:01:40] local.DEBUG: {"id":189,"emisor_id":110,"receptor_id":112,"message":"todo bajo control.. \ud83d\ude4f","created_at":"2024-09-15T12:01:40.000000Z","updated_at":"2024-09-15T12:01:40.000000Z"}  
[2024-09-15 12:15:01] local.DEBUG: {"id":190,"emisor_id":110,"receptor_id":112,"message":"hola","created_at":"2024-09-15T12:15:01.000000Z","updated_at":"2024-09-15T12:15:01.000000Z"}  
[2024-09-15 12:15:05] local.DEBUG: {"id":191,"emisor_id":110,"receptor_id":112,"message":"sss","created_at":"2024-09-15T12:15:05.000000Z","updated_at":"2024-09-15T12:15:05.000000Z"}  
[2024-09-15 12:15:10] local.DEBUG: {"id":192,"emisor_id":110,"receptor_id":112,"message":"ddd","created_at":"2024-09-15T12:15:10.000000Z","updated_at":"2024-09-15T12:15:10.000000Z"}  
[2024-09-15 12:15:21] local.DEBUG: {"id":193,"emisor_id":110,"receptor_id":112,"message":"hola pablo","created_at":"2024-09-15T12:15:21.000000Z","updated_at":"2024-09-15T12:15:21.000000Z"}  
[2024-09-15 12:15:35] local.DEBUG: {"id":194,"emisor_id":110,"receptor_id":112,"message":"miau miua","created_at":"2024-09-15T12:15:35.000000Z","updated_at":"2024-09-15T12:15:35.000000Z"}  
[2024-09-15 12:15:56] local.DEBUG: {"id":195,"emisor_id":112,"receptor_id":110,"message":"guao guao","created_at":"2024-09-15T12:15:56.000000Z","updated_at":"2024-09-15T12:15:56.000000Z"}  
[2024-09-15 12:16:01] local.DEBUG: {"id":196,"emisor_id":112,"receptor_id":110,"message":"que as pablo","created_at":"2024-09-15T12:16:01.000000Z","updated_at":"2024-09-15T12:16:01.000000Z"}  
[2024-09-15 12:16:06] local.DEBUG: {"id":197,"emisor_id":112,"receptor_id":110,"message":"que mas perro","created_at":"2024-09-15T12:16:06.000000Z","updated_at":"2024-09-15T12:16:06.000000Z"}  
[2024-09-15 12:16:10] local.DEBUG: {"id":198,"emisor_id":112,"receptor_id":110,"message":"\ud83d\ude0f","created_at":"2024-09-15T12:16:10.000000Z","updated_at":"2024-09-15T12:16:10.000000Z"}  
[2024-09-15 12:16:19] local.DEBUG: {"id":199,"emisor_id":110,"receptor_id":112,"message":"todo depinga weon","created_at":"2024-09-15T12:16:18.000000Z","updated_at":"2024-09-15T12:16:18.000000Z"}  
[2024-09-15 12:20:20] local.DEBUG: {"id":200,"emisor_id":110,"receptor_id":112,"message":"ho\u00f1\u00f1a","created_at":"2024-09-15T12:20:20.000000Z","updated_at":"2024-09-15T12:20:20.000000Z"}  
[2024-09-15 12:20:33] local.DEBUG: {"id":201,"emisor_id":112,"receptor_id":110,"message":"ssss","created_at":"2024-09-15T12:20:33.000000Z","updated_at":"2024-09-15T12:20:33.000000Z"}  
[2024-09-15 12:20:37] local.DEBUG: {"id":202,"emisor_id":112,"receptor_id":110,"message":"\ud83d\udc40","created_at":"2024-09-15T12:20:37.000000Z","updated_at":"2024-09-15T12:20:37.000000Z"}  
[2024-09-15 12:25:58] local.DEBUG: {"id":203,"emisor_id":110,"receptor_id":112,"message":"qqq","created_at":"2024-09-15T12:25:58.000000Z","updated_at":"2024-09-15T12:25:58.000000Z"}  
[2024-09-15 12:26:01] local.DEBUG: {"id":204,"emisor_id":110,"receptor_id":112,"message":"\ud83d\udc40","created_at":"2024-09-15T12:26:01.000000Z","updated_at":"2024-09-15T12:26:01.000000Z"}  
[2024-09-15 12:26:13] local.DEBUG: {"id":205,"emisor_id":112,"receptor_id":110,"message":"ddd","created_at":"2024-09-15T12:26:13.000000Z","updated_at":"2024-09-15T12:26:13.000000Z"}  
[2024-09-15 12:26:17] local.DEBUG: {"id":206,"emisor_id":112,"receptor_id":110,"message":"\ud83e\udd2f","created_at":"2024-09-15T12:26:17.000000Z","updated_at":"2024-09-15T12:26:17.000000Z"}  
[2024-09-15 12:27:46] local.DEBUG: {"id":207,"emisor_id":110,"receptor_id":111,"message":"que paso user 2","created_at":"2024-09-15T12:27:46.000000Z","updated_at":"2024-09-15T12:27:46.000000Z"}  
[2024-09-15 12:27:52] local.DEBUG: {"id":208,"emisor_id":110,"receptor_id":111,"message":"como esta la vaina weon","created_at":"2024-09-15T12:27:52.000000Z","updated_at":"2024-09-15T12:27:52.000000Z"}  
[2024-09-15 12:28:19] local.DEBUG: {"id":209,"emisor_id":111,"receptor_id":110,"message":"todo depinga weon","created_at":"2024-09-15T12:28:19.000000Z","updated_at":"2024-09-15T12:28:19.000000Z"}  
[2024-09-15 12:28:28] local.DEBUG: {"id":210,"emisor_id":110,"receptor_id":111,"message":"que bueno mareco","created_at":"2024-09-15T12:28:28.000000Z","updated_at":"2024-09-15T12:28:28.000000Z"}  
[2024-09-15 12:28:33] local.DEBUG: {"id":211,"emisor_id":111,"receptor_id":110,"message":"jajajaja","created_at":"2024-09-15T12:28:33.000000Z","updated_at":"2024-09-15T12:28:33.000000Z"}  
[2024-09-15 12:28:36] local.DEBUG: {"id":212,"emisor_id":111,"receptor_id":110,"message":"\ud83e\udd2a","created_at":"2024-09-15T12:28:36.000000Z","updated_at":"2024-09-15T12:28:36.000000Z"}  
[2024-09-15 12:32:53] local.DEBUG: {"id":213,"emisor_id":110,"receptor_id":111,"message":"perrrro","created_at":"2024-09-15T12:32:53.000000Z","updated_at":"2024-09-15T12:32:53.000000Z"}  
[2024-09-15 12:32:56] local.DEBUG: {"id":214,"emisor_id":110,"receptor_id":111,"message":"\u2764\ufe0f","created_at":"2024-09-15T12:32:56.000000Z","updated_at":"2024-09-15T12:32:56.000000Z"}  
[2024-09-15 12:33:04] local.DEBUG: {"id":215,"emisor_id":111,"receptor_id":110,"message":"aaaaa","created_at":"2024-09-15T12:33:04.000000Z","updated_at":"2024-09-15T12:33:04.000000Z"}  
